{"level":"info","message":"[ zojeda ]: removing container :  [ '/cloud9.zojeda' ]","timestamp":"2016-06-12T20:57:36.756Z"}
{"level":"info","message":"[ zojeda ]: removing container :  [ '/mongodb.zojeda' ]","timestamp":"2016-06-12T20:57:36.761Z"}
{"level":"error","message":"[ zojeda ]: error deleting workspace [TypeError: progress is not a function]","timestamp":"2016-06-12T20:57:38.517Z"}
{"level":"error","message":"[ zojeda ] removing network  { [Error: HTTP code is 404 which indicates error: no such network - network zojeda not found\n]\n  reason: 'no such network',\n  statusCode: 404,\n  json: 'network zojeda not found\\n' }","timestamp":"2016-06-12T20:58:52.579Z"}
{"level":"error","message":"[ zojeda ]: error deleting workspace { [Error: HTTP code is 404 which indicates error: no such network - network zojeda not found\n]\n  reason: 'no such network',\n  statusCode: 404,\n  json: 'network zojeda not found\\n' }","timestamp":"2016-06-12T20:58:52.583Z"}
{"level":"error","message":"[ zojeda ] removing network  { [Error: HTTP code is 404 which indicates error: no such network - network zojeda not found\n]\n  reason: 'no such network',\n  statusCode: 404,\n  json: 'network zojeda not found\\n' }","timestamp":"2016-06-12T20:59:15.014Z"}
{"level":"error","message":"[ zojeda ]: error deleting workspace { [Error: HTTP code is 404 which indicates error: no such network - network zojeda not found\n]\n  reason: 'no such network',\n  statusCode: 404,\n  json: 'network zojeda not found\\n' }","timestamp":"2016-06-12T20:59:15.017Z"}
{"level":"info","message":"[ zojeda ]: workspace started","timestamp":"2016-06-12T21:05:23.989Z"}
{"level":"info","message":"[ zojeda ]: removing container :  [ '/mongodb.zojeda' ]","timestamp":"2016-06-12T21:50:40.784Z"}
{"level":"info","message":"[ zojeda ]: removing container :  [ '/cloud9.zojeda' ]","timestamp":"2016-06-12T21:50:40.788Z"}
{"level":"info","message":"[ zojeda ]: workspace deleted","timestamp":"2016-06-12T21:50:42.151Z"}
{"level":"error","message":"[ zojeda ] removing network  { [Error: HTTP code is 404 which indicates error: no such network - network zojeda not found\n]\n  reason: 'no such network',\n  statusCode: 404,\n  json: 'network zojeda not found\\n' }","timestamp":"2016-06-12T21:52:07.163Z"}
{"level":"error","message":"[ zojeda ]: error deleting workspace { [Error: HTTP code is 404 which indicates error: no such network - network zojeda not found\n]\n  reason: 'no such network',\n  statusCode: 404,\n  json: 'network zojeda not found\\n' }","timestamp":"2016-06-12T21:52:07.166Z"}
{"level":"info","message":"[ zojeda ]: workspace started","timestamp":"2016-06-12T21:54:50.391Z"}
{"level":"info","message":"[ zojeda ]: removing container :  [ '/mongodb.zojeda' ]","timestamp":"2016-06-12T21:55:26.007Z"}
{"level":"info","message":"[ zojeda ]: removing container :  [ '/cloud9.zojeda' ]","timestamp":"2016-06-12T21:55:26.011Z"}
{"level":"info","message":"[ zojeda ]: workspace deleted","timestamp":"2016-06-12T21:55:27.121Z"}
{"level":"info","message":"[ zojeda ]: workspace started","timestamp":"2016-06-12T21:57:21.960Z"}
{"level":"info","message":"[ zojeda ]: removing container :  [ '/mongodb.zojeda' ]","timestamp":"2016-06-12T21:57:48.456Z"}
{"level":"info","message":"[ zojeda ]: removing container :  [ '/cloud9.zojeda' ]","timestamp":"2016-06-12T21:57:48.463Z"}
{"level":"info","message":"[ zojeda ]: workspace deleted","timestamp":"2016-06-12T21:57:49.663Z"}
{"level":"info","message":"[ zojeda ]: workspace started","timestamp":"2016-06-12T22:00:55.299Z"}
{"level":"error","message":"[ zojeda ] creating network  { [Error: HTTP code is 500 which indicates error: server error - network with name zojeda already exists\n]\n  reason: 'server error',\n  statusCode: 500,\n  json: 'network with name zojeda already exists\\n' }","timestamp":"2016-06-12T22:02:33.959Z"}
{"level":"error","message":"[ zojeda ]: error starting workspace { [Error: HTTP code is 500 which indicates error: server error - network with name zojeda already exists\n]\n  reason: 'server error',\n  statusCode: 500,\n  json: 'network with name zojeda already exists\\n' }","timestamp":"2016-06-12T22:02:33.962Z"}
{"level":"info","message":"[ zojeda ]: removing container :  [ '/cloud9.zojeda' ]","timestamp":"2016-06-12T22:02:40.722Z"}
{"level":"info","message":"[ zojeda ]: removing container :  [ '/mongodb.zojeda' ]","timestamp":"2016-06-12T22:02:40.726Z"}
{"level":"info","message":"[ zojeda ]: workspace deleted","timestamp":"2016-06-12T22:02:41.908Z"}
{"level":"info","message":"[ zojeda ]: workspace started","timestamp":"2016-06-12T22:02:48.604Z"}
{"level":"error","message":"[ zojeda ] creating network  { [Error: HTTP code is 500 which indicates error: server error - network with name zojeda already exists\n]\n  reason: 'server error',\n  statusCode: 500,\n  json: 'network with name zojeda already exists\\n' }","timestamp":"2016-06-12T22:04:07.655Z"}
{"level":"error","message":"[ zojeda ]: error starting workspace { [Error: HTTP code is 500 which indicates error: server error - network with name zojeda already exists\n]\n  reason: 'server error',\n  statusCode: 500,\n  json: 'network with name zojeda already exists\\n' }","timestamp":"2016-06-12T22:04:07.658Z"}
{"level":"info","message":"[ zojeda ]: removing container :  [ '/mongodb.zojeda' ]","timestamp":"2016-06-12T22:04:12.513Z"}
{"level":"info","message":"[ zojeda ]: removing container :  [ '/cloud9.zojeda' ]","timestamp":"2016-06-12T22:04:12.517Z"}
{"level":"info","message":"[ zojeda ]: workspace deleted","timestamp":"2016-06-12T22:04:13.963Z"}
{"level":"info","message":"[ zojeda ]: workspace started","timestamp":"2016-06-12T22:04:19.702Z"}
{"level":"error","message":"[ zojeda ] creating network  { [Error: HTTP code is 500 which indicates error: server error - network with name zojeda already exists\n]\n  reason: 'server error',\n  statusCode: 500,\n  json: 'network with name zojeda already exists\\n' }","timestamp":"2016-06-12T22:05:35.150Z"}
{"level":"error","message":"[ zojeda ]: error starting workspace { [Error: HTTP code is 500 which indicates error: server error - network with name zojeda already exists\n]\n  reason: 'server error',\n  statusCode: 500,\n  json: 'network with name zojeda already exists\\n' }","timestamp":"2016-06-12T22:05:35.153Z"}
{"level":"info","message":"[ zojeda ]: removing container :  [ '/cloud9.zojeda' ]","timestamp":"2016-06-12T22:05:38.756Z"}
{"level":"info","message":"[ zojeda ]: removing container :  [ '/mongodb.zojeda' ]","timestamp":"2016-06-12T22:05:38.760Z"}
{"level":"info","message":"[ zojeda ]: workspace deleted","timestamp":"2016-06-12T22:05:39.941Z"}
{"level":"info","message":"[ zojeda ]: workspace started","timestamp":"2016-06-12T22:05:45.757Z"}
{"level":"error","message":"[ zojeda ] creating network  { [Error: HTTP code is 500 which indicates error: server error - network with name zojeda already exists\n]\n  reason: 'server error',\n  statusCode: 500,\n  json: 'network with name zojeda already exists\\n' }","timestamp":"2016-06-12T22:06:31.929Z"}
{"level":"error","message":"[ zojeda ]: error starting workspace { [Error: HTTP code is 500 which indicates error: server error - network with name zojeda already exists\n]\n  reason: 'server error',\n  statusCode: 500,\n  json: 'network with name zojeda already exists\\n' }","timestamp":"2016-06-12T22:06:31.932Z"}
{"level":"info","message":"[ zojeda ]: removing container :  [ '/cloud9.zojeda' ]","timestamp":"2016-06-12T22:06:35.710Z"}
{"level":"info","message":"[ zojeda ]: removing container :  [ '/mongodb.zojeda' ]","timestamp":"2016-06-12T22:06:35.713Z"}
{"level":"info","message":"[ zojeda ]: workspace deleted","timestamp":"2016-06-12T22:06:37.017Z"}
{"level":"info","message":"[ zojeda ]: workspace started","timestamp":"2016-06-12T22:06:44.250Z"}
{"level":"error","message":"[ zojeda ] creating network  { [Error: HTTP code is 500 which indicates error: server error - network with name zojeda already exists\n]\n  reason: 'server error',\n  statusCode: 500,\n  json: 'network with name zojeda already exists\\n' }","timestamp":"2016-06-12T22:07:51.035Z"}
{"level":"error","message":"[ zojeda ]: error starting workspace { [Error: HTTP code is 500 which indicates error: server error - network with name zojeda already exists\n]\n  reason: 'server error',\n  statusCode: 500,\n  json: 'network with name zojeda already exists\\n' }","timestamp":"2016-06-12T22:07:51.037Z"}
{"level":"info","message":"[ zojeda ]: removing container :  [ '/cloud9.zojeda' ]","timestamp":"2016-06-12T22:07:56.378Z"}
{"level":"info","message":"[ zojeda ]: removing container :  [ '/mongodb.zojeda' ]","timestamp":"2016-06-12T22:07:56.382Z"}
{"level":"info","message":"[ zojeda ]: workspace deleted","timestamp":"2016-06-12T22:07:57.549Z"}
{"level":"error","message":"[ workspace ] create container  { [Error: HTTP code is 409 which indicates error: undefined - Conflict. The name \"/workspace.proxy\" is already in use by container ec9604ed52156847a28d0793082bde378f95694e8e78d04bc5fee73972bc9708. You have to remove (or rename) that container to be able to reuse that name.\n]\n  reason: undefined,\n  statusCode: 409,\n  json: 'Conflict. The name \"/workspace.proxy\" is already in use by container ec9604ed52156847a28d0793082bde378f95694e8e78d04bc5fee73972bc9708. You have to remove (or rename) that container to be able to reuse that name.\\n' }","timestamp":"2016-06-12T22:08:02.732Z"}
{"level":"info","message":"[ zojeda ]: workspace started","timestamp":"2016-06-12T22:08:04.347Z"}
{"level":"error","message":"[ workspace ] create container  { [Error: HTTP code is 409 which indicates error: undefined - Conflict. The name \"/workspace.proxy\" is already in use by container ec9604ed52156847a28d0793082bde378f95694e8e78d04bc5fee73972bc9708. You have to remove (or rename) that container to be able to reuse that name.\n]\n  reason: undefined,\n  statusCode: 409,\n  json: 'Conflict. The name \"/workspace.proxy\" is already in use by container ec9604ed52156847a28d0793082bde378f95694e8e78d04bc5fee73972bc9708. You have to remove (or rename) that container to be able to reuse that name.\\n' }","timestamp":"2016-06-12T22:08:04.355Z"}
{"level":"info","message":"[ zojeda ]: removing container :  [ '/cloud9.zojeda' ]","timestamp":"2016-06-12T22:09:04.729Z"}
{"level":"info","message":"[ zojeda ]: removing container :  [ '/mongodb.zojeda' ]","timestamp":"2016-06-12T22:09:04.734Z"}
{"level":"info","message":"[ zojeda ]: workspace deleted","timestamp":"2016-06-12T22:09:05.857Z"}
{"level":"error","message":"[ zojeda ] creating network  { [Error: HTTP code is 500 which indicates error: server error - network with name zojeda already exists\n]\n  reason: 'server error',\n  statusCode: 500,\n  json: 'network with name zojeda already exists\\n' }","timestamp":"2016-06-12T22:13:15.310Z"}
{"level":"error","message":"[ zojeda ]: error starting workspace { [Error: HTTP code is 500 which indicates error: server error - network with name zojeda already exists\n]\n  reason: 'server error',\n  statusCode: 500,\n  json: 'network with name zojeda already exists\\n' }","timestamp":"2016-06-12T22:13:15.313Z"}
{"level":"info","message":"[ zojeda ]: workspace deleted","timestamp":"2016-06-12T22:13:23.375Z"}
{"level":"error","message":"[ workspace ] create container  { [Error: HTTP code is 409 which indicates error: undefined - Conflict. The name \"/workspace.proxy\" is already in use by container 65a25786922e2f431ce76a68cd739805b9765b2e62f2182a345ad7236839c152. You have to remove (or rename) that container to be able to reuse that name.\n]\n  reason: undefined,\n  statusCode: 409,\n  json: 'Conflict. The name \"/workspace.proxy\" is already in use by container 65a25786922e2f431ce76a68cd739805b9765b2e62f2182a345ad7236839c152. You have to remove (or rename) that container to be able to reuse that name.\\n' }","timestamp":"2016-06-12T22:13:33.104Z"}
{"level":"info","message":"[ zojeda ]: workspace started","timestamp":"2016-06-12T22:13:34.643Z"}
{"level":"error","message":"[ workspace ] create container  { [Error: HTTP code is 409 which indicates error: undefined - Conflict. The name \"/workspace.proxy\" is already in use by container 65a25786922e2f431ce76a68cd739805b9765b2e62f2182a345ad7236839c152. You have to remove (or rename) that container to be able to reuse that name.\n]\n  reason: undefined,\n  statusCode: 409,\n  json: 'Conflict. The name \"/workspace.proxy\" is already in use by container 65a25786922e2f431ce76a68cd739805b9765b2e62f2182a345ad7236839c152. You have to remove (or rename) that container to be able to reuse that name.\\n' }","timestamp":"2016-06-12T22:13:34.650Z"}
{"level":"info","message":"[ zojeda ]: removing container :  [ '/mongodb.zojeda' ]","timestamp":"2016-06-12T22:13:49.159Z"}
{"level":"info","message":"[ zojeda ]: removing container :  [ '/cloud9.zojeda' ]","timestamp":"2016-06-12T22:13:49.162Z"}
{"level":"info","message":"[ zojeda ]: workspace deleted","timestamp":"2016-06-12T22:13:50.948Z"}
{"level":"info","message":"[ zojeda ]: workspace started","timestamp":"2016-06-12T22:14:01.324Z"}
{"level":"error","message":"[ workspace ] create container  { [Error: HTTP code is 409 which indicates error: undefined - Conflict. The name \"/workspace.proxy\" is already in use by container 2262cfe02d7b0a2a1f4d0d7b4f91d75d3490e7790a0fc152fd47c378865a8f52. You have to remove (or rename) that container to be able to reuse that name.\n]\n  reason: undefined,\n  statusCode: 409,\n  json: 'Conflict. The name \"/workspace.proxy\" is already in use by container 2262cfe02d7b0a2a1f4d0d7b4f91d75d3490e7790a0fc152fd47c378865a8f52. You have to remove (or rename) that container to be able to reuse that name.\\n' }","timestamp":"2016-06-12T22:14:01.337Z"}
{"level":"info","message":"[ zojeda ]: removing container :  [ '/mongodb.zojeda' ]","timestamp":"2016-06-12T22:16:48.099Z"}
{"level":"info","message":"[ zojeda ]: removing container :  [ '/cloud9.zojeda' ]","timestamp":"2016-06-12T22:16:48.103Z"}
{"level":"info","message":"[ zojeda ]: workspace deleted","timestamp":"2016-06-12T22:16:49.537Z"}
{"level":"info","message":"[ zojeda ]: workspace started","timestamp":"2016-06-12T22:17:07.620Z"}
{"level":"error","message":"[ workspace ] create container  { [Error: HTTP code is 409 which indicates error: undefined - Conflict. The name \"/workspace.proxy\" is already in use by container ab34e231d220bb11205a8ff9c58c10283275590b807a7e06c0d30c510b09e65e. You have to remove (or rename) that container to be able to reuse that name.\n]\n  reason: undefined,\n  statusCode: 409,\n  json: 'Conflict. The name \"/workspace.proxy\" is already in use by container ab34e231d220bb11205a8ff9c58c10283275590b807a7e06c0d30c510b09e65e. You have to remove (or rename) that container to be able to reuse that name.\\n' }","timestamp":"2016-06-12T22:17:07.640Z"}
{"level":"info","message":"[ zojeda ]: removing container :  [ '/cloud9.zojeda' ]","timestamp":"2016-06-12T22:20:34.369Z"}
{"level":"info","message":"[ zojeda ]: removing container :  [ '/mongodb.zojeda' ]","timestamp":"2016-06-12T22:20:34.373Z"}
{"level":"info","message":"[ zojeda ]: 'removing network' result -  ","timestamp":"2016-06-12T22:20:35.887Z"}
{"level":"info","message":"[ zojeda ]: workspace deleted","timestamp":"2016-06-12T22:20:35.888Z"}
{"level":"info","message":"[ zojeda ]: 'create container' result -  ","timestamp":"2016-06-12T22:20:47.412Z"}
{"level":"info","message":"[ zojeda ]: 'create container' result -  ","timestamp":"2016-06-12T22:20:47.647Z"}
{"level":"info","message":"[ zojeda ]: workspace started","timestamp":"2016-06-12T22:20:47.648Z"}
{"level":"error","message":"[ workspace ] create container  { [Error: HTTP code is 409 which indicates error: undefined - Conflict. The name \"/workspace.proxy\" is already in use by container 342e971867efe56fce02219e745e36747317e8e751cb2d5d913725c93c81ab6c. You have to remove (or rename) that container to be able to reuse that name.\n]\n  reason: undefined,\n  statusCode: 409,\n  json: 'Conflict. The name \"/workspace.proxy\" is already in use by container 342e971867efe56fce02219e745e36747317e8e751cb2d5d913725c93c81ab6c. You have to remove (or rename) that container to be able to reuse that name.\\n' }","timestamp":"2016-06-12T22:20:47.655Z"}
{"level":"error","message":"[ zojeda ] creating network  { [Error: HTTP code is 500 which indicates error: server error - network with name zojeda already exists\n]\n  reason: 'server error',\n  statusCode: 500,\n  json: 'network with name zojeda already exists\\n' }","timestamp":"2016-06-12T22:21:49.348Z"}
{"level":"error","message":"[ zojeda ]: error starting workspace { [Error: HTTP code is 500 which indicates error: server error - network with name zojeda already exists\n]\n  reason: 'server error',\n  statusCode: 500,\n  json: 'network with name zojeda already exists\\n' }","timestamp":"2016-06-12T22:21:49.350Z"}
{"level":"info","message":"[ zojeda ]: removing container :  [ '/mongodb.zojeda' ]","timestamp":"2016-06-12T22:22:01.354Z"}
{"level":"info","message":"[ zojeda ]: removing container :  [ '/cloud9.zojeda' ]","timestamp":"2016-06-12T22:22:01.357Z"}
{"level":"info","message":"[ zojeda ]: 'removing network' result -  ","timestamp":"2016-06-12T22:22:02.698Z"}
{"level":"info","message":"[ zojeda ]: workspace deleted","timestamp":"2016-06-12T22:22:02.700Z"}
{"level":"info","message":"[ zojeda ]: 'create container' result -  ","timestamp":"2016-06-12T22:22:17.991Z"}
{"level":"info","message":"[ zojeda ]: 'create container' result -  ","timestamp":"2016-06-12T22:22:18.284Z"}
{"level":"info","message":"[ zojeda ]: workspace started","timestamp":"2016-06-12T22:22:18.285Z"}
{"level":"info","message":"[ zojeda ]: removing container :  [ '/cloud9.zojeda' ]","timestamp":"2016-06-12T22:23:49.137Z"}
{"level":"info","message":"[ zojeda ]: removing container :  [ '/mongodb.zojeda' ]","timestamp":"2016-06-12T22:23:49.140Z"}
{"level":"info","message":"[ zojeda ]: 'removing network' result -  ","timestamp":"2016-06-12T22:23:50.405Z"}
{"level":"info","message":"[ zojeda ]: workspace deleted","timestamp":"2016-06-12T22:23:50.406Z"}
{"level":"error","message":"[ zojeda ] removing network  { [Error: HTTP code is 404 which indicates error: no such network - network zojeda not found\n]\n  reason: 'no such network',\n  statusCode: 404,\n  json: 'network zojeda not found\\n' }","timestamp":"2016-06-12T22:34:30.373Z"}
{"level":"error","message":"[ zojeda ]: error deleting workspace { [Error: HTTP code is 404 which indicates error: no such network - network zojeda not found\n]\n  reason: 'no such network',\n  statusCode: 404,\n  json: 'network zojeda not found\\n' }","timestamp":"2016-06-12T22:34:30.375Z"}
{"level":"info","message":"[ zojeda ]: 'start container' result -  ","timestamp":"2016-06-12T22:34:38.112Z"}
{"level":"info","message":"[ zojeda ]: 'start container' result -  ","timestamp":"2016-06-12T22:34:38.706Z"}
{"level":"info","message":"[ zojeda ]: workspace started","timestamp":"2016-06-12T22:34:38.707Z"}
{"level":"info","message":"[ workspace ]: 'start container' result -  ","timestamp":"2016-06-12T22:34:40.323Z"}
{"level":"info","message":"[ zojeda ]: removing container :  [ '/mongodb.zojeda' ]","timestamp":"2016-06-12T22:39:54.216Z"}
{"level":"info","message":"[ zojeda ]: removing container :  [ '/cloud9.zojeda' ]","timestamp":"2016-06-12T22:39:54.219Z"}
{"level":"info","message":"[ zojeda ]: 'removing network' result -  ","timestamp":"2016-06-12T22:39:56.047Z"}
{"level":"info","message":"[ zojeda ]: workspace deleted","timestamp":"2016-06-12T22:39:56.048Z"}
{"level":"info","message":"[ zojeda ]: 'start container' result -  ","timestamp":"2016-06-12T22:40:14.793Z"}
{"level":"info","message":"[ zojeda ]: 'start container' result -  ","timestamp":"2016-06-12T22:40:15.052Z"}
{"level":"info","message":"[ zojeda ]: workspace started","timestamp":"2016-06-12T22:40:15.052Z"}
{"level":"info","message":"[ workspace ]: 'start container' result -  ","timestamp":"2016-06-12T22:40:16.317Z"}
{"level":"info","message":"[ zojeda ]: removing container :  [ '/cloud9.zojeda' ]","timestamp":"2016-06-12T22:44:28.550Z"}
{"level":"info","message":"[ zojeda ]: removing container :  [ '/mongodb.zojeda' ]","timestamp":"2016-06-12T22:44:28.554Z"}
{"level":"info","message":"[ zojeda ]: 'removing network' result -  ","timestamp":"2016-06-12T22:44:30.369Z"}
{"level":"info","message":"[ zojeda ]: workspace deleted","timestamp":"2016-06-12T22:44:30.370Z"}
{"level":"info","message":"[ zojeda ]: 'start container' result -  ","timestamp":"2016-06-12T22:45:35.206Z"}
{"level":"info","message":"[ zojeda ]: 'start container' result -  ","timestamp":"2016-06-12T22:45:35.467Z"}
{"level":"info","message":"[ zojeda ]: workspace started","timestamp":"2016-06-12T22:45:35.468Z"}
{"level":"info","message":"[ workspace ]: 'start container' result -  ","timestamp":"2016-06-12T22:45:36.795Z"}
{"level":"info","message":"[ zojeda ]: removing container :  [ '/cloud9.zojeda' ]","timestamp":"2016-06-12T22:59:27.163Z"}
{"level":"info","message":"[ zojeda ]: 'removing network' result -  ","timestamp":"2016-06-12T22:59:29.439Z"}
{"level":"info","message":"[ zojeda ]: workspace deleted","timestamp":"2016-06-12T22:59:29.439Z"}
{"level":"info","message":"[ zojeda ]: 'start container' result -  ","timestamp":"2016-06-12T23:00:15.087Z"}
{"level":"info","message":"[ zojeda ]: 'start container' result -  ","timestamp":"2016-06-12T23:00:15.829Z"}
{"level":"info","message":"[ zojeda ]: workspace started","timestamp":"2016-06-12T23:00:15.831Z"}
{"level":"error","message":"[ workspace ] create container  { [Error: HTTP code is 404 which indicates error: no such container - No such image: haproxy:latest\n]\n  reason: 'no such container',\n  statusCode: 404,\n  json: 'No such image: haproxy:latest\\n' }","timestamp":"2016-06-12T23:00:15.847Z"}
{"level":"info","message":"[ zojeda ]: removing container :  [ '/mongodb.zojeda' ]","timestamp":"2016-06-12T23:00:44.041Z"}
{"level":"info","message":"[ zojeda ]: removing container :  [ '/cloud9.zojeda' ]","timestamp":"2016-06-12T23:00:44.044Z"}
{"level":"info","message":"[ zojeda ]: 'removing network' result -  ","timestamp":"2016-06-12T23:00:45.539Z"}
{"level":"info","message":"[ zojeda ]: workspace deleted","timestamp":"2016-06-12T23:00:45.540Z"}
{"level":"info","message":"[ zojeda ]: 'start container' result -  ","timestamp":"2016-06-12T23:03:39.821Z"}
{"level":"info","message":"[ zojeda ]: 'start container' result -  ","timestamp":"2016-06-12T23:03:40.318Z"}
{"level":"info","message":"[ zojeda ]: workspace started","timestamp":"2016-06-12T23:03:40.319Z"}
{"level":"info","message":"[ workspace ]: 'start container' result -  ","timestamp":"2016-06-12T23:03:43.913Z"}
{"level":"info","message":"[ zojeda ]: removing container :  [ '/cloud9.zojeda' ]","timestamp":"2016-06-12T23:44:16.222Z"}
{"level":"info","message":"[ zojeda ]: removing container :  [ '/mongodb.zojeda' ]","timestamp":"2016-06-12T23:44:16.225Z"}
{"level":"info","message":"[ zojeda ]: 'removing network' result -  ","timestamp":"2016-06-12T23:44:18.256Z"}
{"level":"info","message":"[ zojeda ]: workspace deleted","timestamp":"2016-06-12T23:44:18.257Z"}
{"level":"info","message":"[ zojeda ]: 'start container' result -  ","timestamp":"2016-06-12T23:46:20.358Z"}
{"level":"info","message":"[ zojeda ]: 'start container' result -  ","timestamp":"2016-06-12T23:46:21.511Z"}
{"level":"info","message":"[ zojeda ]: workspace started","timestamp":"2016-06-12T23:46:21.513Z"}
{"level":"info","message":"[ workspace ]: 'start container' result -  ","timestamp":"2016-06-12T23:46:23.401Z"}
{"level":"info","message":"[ zojeda ]: removing container :  [ '/mongodb.zojeda' ]","timestamp":"2016-06-13T00:25:07.513Z"}
{"level":"info","message":"[ zojeda ]: removing container :  [ '/cloud9.zojeda' ]","timestamp":"2016-06-13T00:25:07.516Z"}
{"level":"info","message":"[ zojeda ]: 'removing network' result -  ","timestamp":"2016-06-13T00:25:09.977Z"}
{"level":"info","message":"[ zojeda ]: workspace deleted","timestamp":"2016-06-13T00:25:09.978Z"}
{"level":"error","message":"[ zojeda ] create container  { [Error: HTTP code is 500 which indicates error: server error - Could not get container for mongodb.zojeda\n]\n  reason: 'server error',\n  statusCode: 500,\n  json: 'Could not get container for mongodb.zojeda\\n' }","timestamp":"2016-06-13T00:25:24.837Z"}
{"level":"error","message":"[ zojeda ]: error starting workspace { [Error: HTTP code is 500 which indicates error: server error - Could not get container for mongodb.zojeda\n]\n  reason: 'server error',\n  statusCode: 500,\n  json: 'Could not get container for mongodb.zojeda\\n' }","timestamp":"2016-06-13T00:25:24.841Z"}
{"level":"error","message":"[ zojeda ] start container  { [Error: HTTP code is 500 which indicates error: server error - Cannot link to /cloud9.zojeda, as it does not belong to the default network\n]\n  reason: 'server error',\n  statusCode: 500,\n  json: 'Cannot link to /cloud9.zojeda, as it does not belong to the default network\\n' }","timestamp":"2016-06-13T00:25:25.479Z"}
{"level":"info","message":"[ zojeda ]: removing container :  [ '/mongodb.zojeda' ]","timestamp":"2016-06-13T00:28:22.304Z"}
{"level":"info","message":"[ zojeda ]: 'removing network' result -  ","timestamp":"2016-06-13T00:28:23.269Z"}
{"level":"info","message":"[ zojeda ]: workspace deleted","timestamp":"2016-06-13T00:28:23.270Z"}
{"level":"error","message":"[ zojeda ] create container  { [Error: HTTP code is 404 which indicates error: no such container - network workspace not found\n]\n  reason: 'no such container',\n  statusCode: 404,\n  json: 'network workspace not found\\n' }","timestamp":"2016-06-13T00:29:01.577Z"}
{"level":"error","message":"[ zojeda ]: error starting workspace { [Error: HTTP code is 404 which indicates error: no such container - network workspace not found\n]\n  reason: 'no such container',\n  statusCode: 404,\n  json: 'network workspace not found\\n' }","timestamp":"2016-06-13T00:29:01.586Z"}
{"level":"error","message":"[ zojeda ] create container  { [Error: HTTP code is 404 which indicates error: no such container - network workspace not found\n]\n  reason: 'no such container',\n  statusCode: 404,\n  json: 'network workspace not found\\n' }","timestamp":"2016-06-13T00:29:01.819Z"}
{"level":"error","message":"[ zojeda ] removing network  { [Error: HTTP code is 404 which indicates error: no such network - network zojeda not found\n]\n  reason: 'no such network',\n  statusCode: 404,\n  json: 'network zojeda not found\\n' }","timestamp":"2016-06-13T00:30:41.343Z"}
{"level":"error","message":"[ zojeda ]: error deleting workspace { [Error: HTTP code is 404 which indicates error: no such network - network zojeda not found\n]\n  reason: 'no such network',\n  statusCode: 404,\n  json: 'network zojeda not found\\n' }","timestamp":"2016-06-13T00:30:41.345Z"}
{"level":"error","message":"[ zojeda ] create container  { [Error: HTTP code is 404 which indicates error: no such container - network workspace not found\n]\n  reason: 'no such container',\n  statusCode: 404,\n  json: 'network workspace not found\\n' }","timestamp":"2016-06-13T00:30:56.266Z"}
{"level":"error","message":"[ zojeda ]: error starting workspace { [Error: HTTP code is 404 which indicates error: no such container - network workspace not found\n]\n  reason: 'no such container',\n  statusCode: 404,\n  json: 'network workspace not found\\n' }","timestamp":"2016-06-13T00:30:56.273Z"}
{"level":"error","message":"[ zojeda ] create container  { [Error: HTTP code is 404 which indicates error: no such container - network workspace not found\n]\n  reason: 'no such container',\n  statusCode: 404,\n  json: 'network workspace not found\\n' }","timestamp":"2016-06-13T00:30:56.278Z"}
{"level":"error","message":"[ zojeda ] removing network  { [Error: HTTP code is 404 which indicates error: no such network - network zojeda not found\n]\n  reason: 'no such network',\n  statusCode: 404,\n  json: 'network zojeda not found\\n' }","timestamp":"2016-06-13T00:31:07.861Z"}
{"level":"error","message":"[ zojeda ]: error deleting workspace { [Error: HTTP code is 404 which indicates error: no such network - network zojeda not found\n]\n  reason: 'no such network',\n  statusCode: 404,\n  json: 'network zojeda not found\\n' }","timestamp":"2016-06-13T00:31:07.864Z"}
{"level":"error","message":"[ zojeda ] create container  { [Error: HTTP code is 500 which indicates error: server error - Could not get container for mongodb.zojeda\n]\n  reason: 'server error',\n  statusCode: 500,\n  json: 'Could not get container for mongodb.zojeda\\n' }","timestamp":"2016-06-13T00:31:31.814Z"}
{"level":"error","message":"[ zojeda ]: error starting workspace { [Error: HTTP code is 500 which indicates error: server error - Could not get container for mongodb.zojeda\n]\n  reason: 'server error',\n  statusCode: 500,\n  json: 'Could not get container for mongodb.zojeda\\n' }","timestamp":"2016-06-13T00:31:31.819Z"}
{"level":"error","message":"[ zojeda ] start container  { [Error: HTTP code is 500 which indicates error: server error - Cannot link to /cloud9.zojeda, as it does not belong to the default network\n]\n  reason: 'server error',\n  statusCode: 500,\n  json: 'Cannot link to /cloud9.zojeda, as it does not belong to the default network\\n' }","timestamp":"2016-06-13T00:31:32.430Z"}
{"level":"error","message":"[ zojeda ] create container  { [Error: HTTP code is 409 which indicates error: undefined - Conflict. The name \"/mongodb.zojeda\" is already in use by container dfc561135f6c417110e1737a2418557109f3310c893dda3ff10ed6871a4b1d0b. You have to remove (or rename) that container to be able to reuse that name.\n]\n  reason: undefined,\n  statusCode: 409,\n  json: 'Conflict. The name \"/mongodb.zojeda\" is already in use by container dfc561135f6c417110e1737a2418557109f3310c893dda3ff10ed6871a4b1d0b. You have to remove (or rename) that container to be able to reuse that name.\\n' }","timestamp":"2016-06-13T00:35:00.599Z"}
{"level":"error","message":"[ zojeda ]: error starting workspace { [Error: HTTP code is 409 which indicates error: undefined - Conflict. The name \"/mongodb.zojeda\" is already in use by container dfc561135f6c417110e1737a2418557109f3310c893dda3ff10ed6871a4b1d0b. You have to remove (or rename) that container to be able to reuse that name.\n]\n  reason: undefined,\n  statusCode: 409,\n  json: 'Conflict. The name \"/mongodb.zojeda\" is already in use by container dfc561135f6c417110e1737a2418557109f3310c893dda3ff10ed6871a4b1d0b. You have to remove (or rename) that container to be able to reuse that name.\\n' }","timestamp":"2016-06-13T00:35:00.601Z"}
{"level":"error","message":"[ zojeda ] start container  { [Error: HTTP code is 500 which indicates error: server error - Cannot link to a non running container: /mongodb.zojeda AS /cloud9.zojeda/mongodb\n]\n  reason: 'server error',\n  statusCode: 500,\n  json: 'Cannot link to a non running container: /mongodb.zojeda AS /cloud9.zojeda/mongodb\\n' }","timestamp":"2016-06-13T00:35:01.306Z"}
{"level":"info","message":"[ zojeda ]: removing container :  [ '/cloud9.zojeda' ]","timestamp":"2016-06-13T00:35:11.383Z"}
{"level":"info","message":"[ zojeda ]: removing container :  [ '/mongodb.zojeda', '/cloud9.zojeda/mongodb' ]","timestamp":"2016-06-13T00:35:11.385Z"}
{"level":"error","message":"[ zojeda ] removing network  { [Error: HTTP code is 404 which indicates error: no such network - network zojeda not found\n]\n  reason: 'no such network',\n  statusCode: 404,\n  json: 'network zojeda not found\\n' }","timestamp":"2016-06-13T00:35:11.397Z"}
{"level":"error","message":"[ zojeda ]: error deleting workspace { [Error: HTTP code is 404 which indicates error: no such network - network zojeda not found\n]\n  reason: 'no such network',\n  statusCode: 404,\n  json: 'network zojeda not found\\n' }","timestamp":"2016-06-13T00:35:11.398Z"}
{"level":"error","message":"[ zojeda ] create container  { [Error: HTTP code is 500 which indicates error: server error - Could not get container for mongodb.zojeda\n]\n  reason: 'server error',\n  statusCode: 500,\n  json: 'Could not get container for mongodb.zojeda\\n' }","timestamp":"2016-06-13T00:35:45.253Z"}
{"level":"error","message":"[ zojeda ]: error starting workspace { [Error: HTTP code is 500 which indicates error: server error - Could not get container for mongodb.zojeda\n]\n  reason: 'server error',\n  statusCode: 500,\n  json: 'Could not get container for mongodb.zojeda\\n' }","timestamp":"2016-06-13T00:35:45.257Z"}
{"level":"error","message":"[ zojeda ] start container  { [Error: HTTP code is 500 which indicates error: server error - Cannot link to /cloud9.zojeda, as it does not belong to the default network\n]\n  reason: 'server error',\n  statusCode: 500,\n  json: 'Cannot link to /cloud9.zojeda, as it does not belong to the default network\\n' }","timestamp":"2016-06-13T00:35:45.757Z"}
{"level":"error","message":"[ zojeda ] create container  { [Error: HTTP code is 409 which indicates error: undefined - Conflict. The name \"/mongodb.zojeda\" is already in use by container a1ccefc301266654df356f46dcbce96f953aff4b0c5bc9295cc653d0825fbc16. You have to remove (or rename) that container to be able to reuse that name.\n]\n  reason: undefined,\n  statusCode: 409,\n  json: 'Conflict. The name \"/mongodb.zojeda\" is already in use by container a1ccefc301266654df356f46dcbce96f953aff4b0c5bc9295cc653d0825fbc16. You have to remove (or rename) that container to be able to reuse that name.\\n' }","timestamp":"2016-06-13T00:37:17.839Z"}
{"level":"error","message":"[ zojeda ]: error starting workspace { [Error: HTTP code is 409 which indicates error: undefined - Conflict. The name \"/mongodb.zojeda\" is already in use by container a1ccefc301266654df356f46dcbce96f953aff4b0c5bc9295cc653d0825fbc16. You have to remove (or rename) that container to be able to reuse that name.\n]\n  reason: undefined,\n  statusCode: 409,\n  json: 'Conflict. The name \"/mongodb.zojeda\" is already in use by container a1ccefc301266654df356f46dcbce96f953aff4b0c5bc9295cc653d0825fbc16. You have to remove (or rename) that container to be able to reuse that name.\\n' }","timestamp":"2016-06-13T00:37:17.841Z"}
{"level":"info","message":"[ zojeda ]: 'start container' result -  ","timestamp":"2016-06-13T00:37:18.417Z"}
{"level":"info","message":"[ zojeda ]: removing container :  [ '/cloud9.zojeda' ]","timestamp":"2016-06-13T00:37:25.504Z"}
{"level":"info","message":"[ zojeda ]: removing container :  [ '/mongodb.zojeda' ]","timestamp":"2016-06-13T00:37:25.507Z"}
{"level":"error","message":"[ zojeda ] removing network  { [Error: HTTP code is 404 which indicates error: no such network - network zojeda not found\n]\n  reason: 'no such network',\n  statusCode: 404,\n  json: 'network zojeda not found\\n' }","timestamp":"2016-06-13T00:37:25.968Z"}
{"level":"error","message":"[ zojeda ]: error deleting workspace { [Error: HTTP code is 404 which indicates error: no such network - network zojeda not found\n]\n  reason: 'no such network',\n  statusCode: 404,\n  json: 'network zojeda not found\\n' }","timestamp":"2016-06-13T00:37:25.970Z"}
{"level":"info","message":"[ zojeda ]: 'start container' result -  ","timestamp":"2016-06-13T00:37:34.077Z"}
{"level":"info","message":"[ zojeda ]: 'start container' result -  ","timestamp":"2016-06-13T00:37:34.290Z"}
{"level":"info","message":"[ zojeda ]: workspace started","timestamp":"2016-06-13T00:37:34.291Z"}
{"level":"info","message":"[ workspace ]: 'start container' result -  ","timestamp":"2016-06-13T00:37:35.625Z"}
{"level":"info","message":"[ zojeda ]: removing container :  [ '/mongodb.zojeda' ]","timestamp":"2016-06-13T00:41:27.101Z"}
{"level":"info","message":"[ zojeda ]: removing container :  [ '/cloud9.zojeda' ]","timestamp":"2016-06-13T00:41:27.104Z"}
{"level":"error","message":"[ zojeda ] removing network  { [Error: HTTP code is 404 which indicates error: no such network - network zojeda not found\n]\n  reason: 'no such network',\n  statusCode: 404,\n  json: 'network zojeda not found\\n' }","timestamp":"2016-06-13T00:41:27.921Z"}
{"level":"error","message":"[ zojeda ]: error deleting workspace { [Error: HTTP code is 404 which indicates error: no such network - network zojeda not found\n]\n  reason: 'no such network',\n  statusCode: 404,\n  json: 'network zojeda not found\\n' }","timestamp":"2016-06-13T00:41:27.923Z"}
{"level":"info","message":"[ zojeda ]: 'start container' result -  ","timestamp":"2016-06-13T00:41:36.575Z"}
{"level":"info","message":"[ zojeda ]: 'start container' result -  ","timestamp":"2016-06-13T00:41:36.872Z"}
{"level":"info","message":"[ zojeda ]: workspace started","timestamp":"2016-06-13T00:41:36.872Z"}
{"level":"info","message":"[ zojeda ]: removing container :  [ '/mongodb.zojeda' ]","timestamp":"2016-06-13T00:47:19.316Z"}
{"level":"info","message":"[ zojeda ]: removing container :  [ '/cloud9.zojeda' ]","timestamp":"2016-06-13T00:47:19.320Z"}
{"level":"error","message":"[ zojeda ] removing network  { [Error: HTTP code is 404 which indicates error: no such network - network zojeda not found\n]\n  reason: 'no such network',\n  statusCode: 404,\n  json: 'network zojeda not found\\n' }","timestamp":"2016-06-13T00:47:20.367Z"}
{"level":"error","message":"[ zojeda ]: error deleting workspace { [Error: HTTP code is 404 which indicates error: no such network - network zojeda not found\n]\n  reason: 'no such network',\n  statusCode: 404,\n  json: 'network zojeda not found\\n' }","timestamp":"2016-06-13T00:47:20.369Z"}
{"level":"error","message":"[ zojeda ]: error starting workspace [TypeError: Cannot set property '27017/tcp' of undefined]","timestamp":"2016-06-13T00:47:24.346Z"}
{"level":"error","message":"[ zojeda ] removing network  { [Error: HTTP code is 404 which indicates error: no such network - network zojeda not found\n]\n  reason: 'no such network',\n  statusCode: 404,\n  json: 'network zojeda not found\\n' }","timestamp":"2016-06-13T00:48:54.798Z"}
{"level":"error","message":"[ zojeda ]: error deleting workspace { [Error: HTTP code is 404 which indicates error: no such network - network zojeda not found\n]\n  reason: 'no such network',\n  statusCode: 404,\n  json: 'network zojeda not found\\n' }","timestamp":"2016-06-13T00:48:54.800Z"}
{"level":"info","message":"[ zojeda ]: 'start container' result -  ","timestamp":"2016-06-13T00:48:59.142Z"}
{"level":"info","message":"[ zojeda ]: 'start container' result -  ","timestamp":"2016-06-13T00:48:59.616Z"}
{"level":"info","message":"[ zojeda ]: workspace started","timestamp":"2016-06-13T00:48:59.616Z"}
{"level":"info","message":"[ otro ]: 'start container' result -  ","timestamp":"2016-06-13T00:58:41.353Z"}
{"level":"info","message":"[ otro ]: 'start container' result -  ","timestamp":"2016-06-13T00:58:41.550Z"}
{"level":"info","message":"[ otro ]: workspace started","timestamp":"2016-06-13T00:58:41.551Z"}
{"level":"info","message":"[ otro ]: removing container :  [ '/mongodb.otro' ]","timestamp":"2016-06-13T02:22:56.039Z"}
{"level":"info","message":"[ otro ]: removing container :  [ '/cloud9.otro' ]","timestamp":"2016-06-13T02:22:56.048Z"}
{"level":"error","message":"[ otro ] removing network  { [Error: HTTP code is 404 which indicates error: no such network - network otro not found\n]\n  reason: 'no such network',\n  statusCode: 404,\n  json: 'network otro not found\\n' }","timestamp":"2016-06-13T02:22:57.582Z"}
{"level":"error","message":"[ otro ]: error deleting workspace { [Error: HTTP code is 404 which indicates error: no such network - network otro not found\n]\n  reason: 'no such network',\n  statusCode: 404,\n  json: 'network otro not found\\n' }","timestamp":"2016-06-13T02:22:57.584Z"}
{"level":"info","message":"[ zojeda ]: removing container :  [ '/mongodb.zojeda' ]","timestamp":"2016-06-13T02:23:32.189Z"}
{"level":"info","message":"[ zojeda ]: removing container :  [ '/cloud9.zojeda' ]","timestamp":"2016-06-13T02:23:32.192Z"}
{"level":"error","message":"[ zojeda ] removing network  { [Error: HTTP code is 404 which indicates error: no such network - network zojeda not found\n]\n  reason: 'no such network',\n  statusCode: 404,\n  json: 'network zojeda not found\\n' }","timestamp":"2016-06-13T02:23:33.470Z"}
{"level":"error","message":"[ zojeda ]: error deleting workspace { [Error: HTTP code is 404 which indicates error: no such network - network zojeda not found\n]\n  reason: 'no such network',\n  statusCode: 404,\n  json: 'network zojeda not found\\n' }","timestamp":"2016-06-13T02:23:33.471Z"}
{"level":"info","message":"[ zojeda ]: 'start container' result -  ","timestamp":"2016-06-13T02:24:35.091Z"}
{"level":"error","message":"[ zojeda ] listing networks  { [Error: HTTP code is 500 which indicates error: server error - json: cannot unmarshal string into Go value of type map[string]bool\n]\n  reason: 'server error',\n  statusCode: 500,\n  json: 'json: cannot unmarshal string into Go value of type map[string]bool\\n' }","timestamp":"2016-06-13T02:24:35.102Z"}
{"level":"error","message":"[ zojeda ]: error starting workspace { [Error: HTTP code is 500 which indicates error: server error - json: cannot unmarshal string into Go value of type map[string]bool\n]\n  reason: 'server error',\n  statusCode: 500,\n  json: 'json: cannot unmarshal string into Go value of type map[string]bool\\n' }","timestamp":"2016-06-13T02:24:35.104Z"}
{"level":"info","message":"[ zojeda ]: 'start container' result -  ","timestamp":"2016-06-13T02:24:35.946Z"}
{"level":"error","message":"[ zojeda ] listing networks  { [Error: HTTP code is 500 which indicates error: server error - json: cannot unmarshal string into Go value of type map[string]bool\n]\n  reason: 'server error',\n  statusCode: 500,\n  json: 'json: cannot unmarshal string into Go value of type map[string]bool\\n' }","timestamp":"2016-06-13T02:24:35.951Z"}
{"level":"info","message":"[ zojeda ]: removing container :  [ '/cloud9.zojeda' ]","timestamp":"2016-06-13T02:31:36.676Z"}
{"level":"info","message":"[ zojeda ]: removing container :  [ '/mongodb.zojeda' ]","timestamp":"2016-06-13T02:31:36.680Z"}
{"level":"info","message":"[ zojeda ]: 'removing network' result -  ","timestamp":"2016-06-13T02:31:38.300Z"}
{"level":"info","message":"[ zojeda ]: workspace deleted","timestamp":"2016-06-13T02:31:38.301Z"}
{"level":"info","message":"[ zojeda ]: 'start container' result -  ","timestamp":"2016-06-13T02:31:50.883Z"}
{"level":"error","message":"[ zojeda ] listing networks  { [Error: HTTP code is 500 which indicates error: server error - json: cannot unmarshal string into Go value of type map[string]bool\n]\n  reason: 'server error',\n  statusCode: 500,\n  json: 'json: cannot unmarshal string into Go value of type map[string]bool\\n' }","timestamp":"2016-06-13T02:31:50.892Z"}
{"level":"error","message":"[ zojeda ]: error starting workspace { [Error: HTTP code is 500 which indicates error: server error - json: cannot unmarshal string into Go value of type map[string]bool\n]\n  reason: 'server error',\n  statusCode: 500,\n  json: 'json: cannot unmarshal string into Go value of type map[string]bool\\n' }","timestamp":"2016-06-13T02:31:50.894Z"}
{"level":"info","message":"[ zojeda ]: 'start container' result -  ","timestamp":"2016-06-13T02:31:51.271Z"}
{"level":"error","message":"[ zojeda ] listing networks  { [Error: HTTP code is 500 which indicates error: server error - json: cannot unmarshal string into Go value of type map[string]bool\n]\n  reason: 'server error',\n  statusCode: 500,\n  json: 'json: cannot unmarshal string into Go value of type map[string]bool\\n' }","timestamp":"2016-06-13T02:31:51.279Z"}
{"level":"info","message":"[ zojeda ]: removing container :  [ '/mongodb.zojeda' ]","timestamp":"2016-06-13T02:32:47.255Z"}
{"level":"info","message":"[ zojeda ]: removing container :  [ '/cloud9.zojeda' ]","timestamp":"2016-06-13T02:32:47.258Z"}
{"level":"info","message":"[ zojeda ]: 'removing network' result -  ","timestamp":"2016-06-13T02:32:48.603Z"}
{"level":"info","message":"[ zojeda ]: workspace deleted","timestamp":"2016-06-13T02:32:48.604Z"}
{"level":"info","message":"[ zojeda ]: 'start container' result -  ","timestamp":"2016-06-13T02:32:54.067Z"}
{"level":"error","message":"[ zojeda ] listing networks  { [Error: HTTP code is 500 which indicates error: server error - json: cannot unmarshal string into Go value of type map[string]bool\n]\n  reason: 'server error',\n  statusCode: 500,\n  json: 'json: cannot unmarshal string into Go value of type map[string]bool\\n' }","timestamp":"2016-06-13T02:32:54.075Z"}
{"level":"error","message":"[ zojeda ]: error starting workspace { [Error: HTTP code is 500 which indicates error: server error - json: cannot unmarshal string into Go value of type map[string]bool\n]\n  reason: 'server error',\n  statusCode: 500,\n  json: 'json: cannot unmarshal string into Go value of type map[string]bool\\n' }","timestamp":"2016-06-13T02:32:54.076Z"}
{"level":"info","message":"[ zojeda ]: 'start container' result -  ","timestamp":"2016-06-13T02:32:54.187Z"}
{"level":"error","message":"[ zojeda ] listing networks  { [Error: HTTP code is 500 which indicates error: server error - json: cannot unmarshal string into Go value of type map[string]bool\n]\n  reason: 'server error',\n  statusCode: 500,\n  json: 'json: cannot unmarshal string into Go value of type map[string]bool\\n' }","timestamp":"2016-06-13T02:32:54.191Z"}
{"level":"info","message":"[ zojeda ]: removing container :  [ '/mongodb.zojeda' ]","timestamp":"2016-06-13T02:36:18.906Z"}
{"level":"info","message":"[ zojeda ]: removing container :  [ '/cloud9.zojeda' ]","timestamp":"2016-06-13T02:36:18.909Z"}
{"level":"info","message":"[ zojeda ]: 'removing network' result -  ","timestamp":"2016-06-13T02:36:20.797Z"}
{"level":"info","message":"[ zojeda ]: workspace deleted","timestamp":"2016-06-13T02:36:20.798Z"}
{"level":"info","message":"[ zojeda ]: 'start container' result -  ","timestamp":"2016-06-13T02:36:30.115Z"}
{"level":"error","message":"[ zojeda ] listing networks  { [Error: HTTP code is 500 which indicates error: server error - json: cannot unmarshal string into Go value of type map[string]bool\n]\n  reason: 'server error',\n  statusCode: 500,\n  json: 'json: cannot unmarshal string into Go value of type map[string]bool\\n' }","timestamp":"2016-06-13T02:36:30.127Z"}
{"level":"error","message":"[ zojeda ]: error starting workspace { [Error: HTTP code is 500 which indicates error: server error - json: cannot unmarshal string into Go value of type map[string]bool\n]\n  reason: 'server error',\n  statusCode: 500,\n  json: 'json: cannot unmarshal string into Go value of type map[string]bool\\n' }","timestamp":"2016-06-13T02:36:30.129Z"}
{"level":"info","message":"[ zojeda ]: 'start container' result -  ","timestamp":"2016-06-13T02:36:30.765Z"}
{"level":"error","message":"[ zojeda ] listing networks  { [Error: HTTP code is 500 which indicates error: server error - json: cannot unmarshal string into Go value of type map[string]bool\n]\n  reason: 'server error',\n  statusCode: 500,\n  json: 'json: cannot unmarshal string into Go value of type map[string]bool\\n' }","timestamp":"2016-06-13T02:36:30.770Z"}
{"level":"info","message":"[ zojeda ]: removing container :  [ '/cloud9.zojeda' ]","timestamp":"2016-06-13T02:38:16.509Z"}
{"level":"info","message":"[ zojeda ]: removing container :  [ '/mongodb.zojeda' ]","timestamp":"2016-06-13T02:38:16.513Z"}
{"level":"info","message":"[ zojeda ]: 'removing network' result -  ","timestamp":"2016-06-13T02:38:17.913Z"}
{"level":"info","message":"[ zojeda ]: workspace deleted","timestamp":"2016-06-13T02:38:17.914Z"}
{"level":"info","message":"[ zojeda ]: 'start container' result -  ","timestamp":"2016-06-13T02:38:23.077Z"}
{"level":"error","message":"[ zojeda ] listing networks  { [Error: HTTP code is 500 which indicates error: server error - json: cannot unmarshal string into Go value of type map[string]bool\n]\n  reason: 'server error',\n  statusCode: 500,\n  json: 'json: cannot unmarshal string into Go value of type map[string]bool\\n' }","timestamp":"2016-06-13T02:38:23.090Z"}
{"level":"error","message":"[ zojeda ]: error starting workspace { [Error: HTTP code is 500 which indicates error: server error - json: cannot unmarshal string into Go value of type map[string]bool\n]\n  reason: 'server error',\n  statusCode: 500,\n  json: 'json: cannot unmarshal string into Go value of type map[string]bool\\n' }","timestamp":"2016-06-13T02:38:23.093Z"}
{"level":"info","message":"[ zojeda ]: 'start container' result -  ","timestamp":"2016-06-13T02:38:23.480Z"}
{"level":"error","message":"[ zojeda ] listing networks  { [Error: HTTP code is 500 which indicates error: server error - json: cannot unmarshal string into Go value of type map[string]bool\n]\n  reason: 'server error',\n  statusCode: 500,\n  json: 'json: cannot unmarshal string into Go value of type map[string]bool\\n' }","timestamp":"2016-06-13T02:38:23.484Z"}
{"level":"info","message":"[ zojeda ]: removing container :  [ '/mongodb.zojeda' ]","timestamp":"2016-06-13T02:40:02.413Z"}
{"level":"info","message":"[ zojeda ]: removing container :  [ '/cloud9.zojeda' ]","timestamp":"2016-06-13T02:40:02.416Z"}
{"level":"info","message":"[ zojeda ]: 'removing network' result -  ","timestamp":"2016-06-13T02:40:03.816Z"}
{"level":"info","message":"[ zojeda ]: workspace deleted","timestamp":"2016-06-13T02:40:03.817Z"}
{"level":"info","message":"[ zojeda ]: 'start container' result -  ","timestamp":"2016-06-13T02:40:09.873Z"}
{"level":"error","message":"[ zojeda ] listing networks  { [Error: HTTP code is 500 which indicates error: server error - json: cannot unmarshal string into Go value of type map[string]bool\n]\n  reason: 'server error',\n  statusCode: 500,\n  json: 'json: cannot unmarshal string into Go value of type map[string]bool\\n' }","timestamp":"2016-06-13T02:40:09.880Z"}
{"level":"error","message":"[ zojeda ]: error starting workspace { [Error: HTTP code is 500 which indicates error: server error - json: cannot unmarshal string into Go value of type map[string]bool\n]\n  reason: 'server error',\n  statusCode: 500,\n  json: 'json: cannot unmarshal string into Go value of type map[string]bool\\n' }","timestamp":"2016-06-13T02:40:09.881Z"}
{"level":"info","message":"[ zojeda ]: 'start container' result -  ","timestamp":"2016-06-13T02:40:10.323Z"}
{"level":"error","message":"[ zojeda ] listing networks  { [Error: HTTP code is 500 which indicates error: server error - json: cannot unmarshal string into Go value of type map[string]bool\n]\n  reason: 'server error',\n  statusCode: 500,\n  json: 'json: cannot unmarshal string into Go value of type map[string]bool\\n' }","timestamp":"2016-06-13T02:40:10.326Z"}
{"level":"info","message":"[ zojeda ]: removing container :  [ '/cloud9.zojeda' ]","timestamp":"2016-06-13T02:49:02.235Z"}
{"level":"info","message":"[ zojeda ]: removing container :  [ '/mongodb.zojeda' ]","timestamp":"2016-06-13T02:49:02.239Z"}
{"level":"info","message":"[ zojeda ]: 'removing network' result -  ","timestamp":"2016-06-13T02:49:03.717Z"}
{"level":"info","message":"[ zojeda ]: workspace deleted","timestamp":"2016-06-13T02:49:03.719Z"}
{"level":"info","message":"[ zojeda ]: 'start container' result -  ","timestamp":"2016-06-13T02:49:09.379Z"}
{"level":"info","message":"[ zojeda ]: 'start container' result -  ","timestamp":"2016-06-13T02:49:09.830Z"}
{"level":"error","message":"[ zojeda ] connect network  { [Error: HTTP code is 404 which indicates error: network or container is not found - network undefined not found\n]\n  reason: 'network or container is not found',\n  statusCode: 404,\n  json: 'network undefined not found\\n' }","timestamp":"2016-06-13T02:49:11.072Z"}
{"level":"error","message":"[ zojeda ]: error starting workspace { [Error: HTTP code is 404 which indicates error: network or container is not found - network undefined not found\n]\n  reason: 'network or container is not found',\n  statusCode: 404,\n  json: 'network undefined not found\\n' }","timestamp":"2016-06-13T02:49:11.074Z"}
{"level":"error","message":"[ zojeda ] connect network  { [Error: HTTP code is 404 which indicates error: network or container is not found - network undefined not found\n]\n  reason: 'network or container is not found',\n  statusCode: 404,\n  json: 'network undefined not found\\n' }","timestamp":"2016-06-13T02:49:11.563Z"}
{"level":"info","message":"[ zojeda ]: removing container :  [ '/mongodb.zojeda' ]","timestamp":"2016-06-13T02:54:04.301Z"}
{"level":"info","message":"[ zojeda ]: removing container :  [ '/cloud9.zojeda' ]","timestamp":"2016-06-13T02:54:04.304Z"}
{"level":"info","message":"[ zojeda ]: 'removing network' result -  ","timestamp":"2016-06-13T02:54:05.677Z"}
{"level":"info","message":"[ zojeda ]: workspace deleted","timestamp":"2016-06-13T02:54:05.678Z"}
{"level":"info","message":"[ zojeda ]: 'start container' result -  ","timestamp":"2016-06-13T02:54:14.775Z"}
{"level":"info","message":"[ zojeda ]: 'start container' result -  ","timestamp":"2016-06-13T02:54:15.210Z"}
{"level":"error","message":"[ zojeda ] connect network  { [Error: HTTP code is 404 which indicates error: network or container is not found - network undefined not found\n]\n  reason: 'network or container is not found',\n  statusCode: 404,\n  json: 'network undefined not found\\n' }","timestamp":"2016-06-13T02:54:16.362Z"}
{"level":"error","message":"[ zojeda ]: error starting workspace { [Error: HTTP code is 404 which indicates error: network or container is not found - network undefined not found\n]\n  reason: 'network or container is not found',\n  statusCode: 404,\n  json: 'network undefined not found\\n' }","timestamp":"2016-06-13T02:54:16.365Z"}
{"level":"error","message":"[ zojeda ] connect network  { [Error: HTTP code is 404 which indicates error: network or container is not found - network undefined not found\n]\n  reason: 'network or container is not found',\n  statusCode: 404,\n  json: 'network undefined not found\\n' }","timestamp":"2016-06-13T02:54:16.809Z"}
{"level":"info","message":"[ zojeda ]: removing container :  [ '/cloud9.zojeda' ]","timestamp":"2016-06-13T03:04:23.840Z"}
{"level":"info","message":"[ zojeda ]: removing container :  [ '/mongodb.zojeda' ]","timestamp":"2016-06-13T03:04:23.844Z"}
{"level":"info","message":"[ zojeda ]: 'removing network' result -  ","timestamp":"2016-06-13T03:04:25.482Z"}
{"level":"info","message":"[ zojeda ]: workspace deleted","timestamp":"2016-06-13T03:04:25.483Z"}
{"level":"info","message":"[ zojeda ]: 'start container' result -  ","timestamp":"2016-06-13T03:04:54.590Z"}
{"level":"error","message":"[ zojeda ] connect network  { [Error: HTTP code is 404 which indicates error: network or container is not found - network undefined not found\n]\n  reason: 'network or container is not found',\n  statusCode: 404,\n  json: 'network undefined not found\\n' }","timestamp":"2016-06-13T03:04:54.652Z"}
{"level":"error","message":"[ zojeda ]: error starting workspace { [Error: HTTP code is 404 which indicates error: network or container is not found - network undefined not found\n]\n  reason: 'network or container is not found',\n  statusCode: 404,\n  json: 'network undefined not found\\n' }","timestamp":"2016-06-13T03:04:54.653Z"}
{"level":"info","message":"[ zojeda ]: 'start container' result -  ","timestamp":"2016-06-13T03:04:55.039Z"}
{"level":"error","message":"[ zojeda ] connect network  { [Error: HTTP code is 404 which indicates error: network or container is not found - network undefined not found\n]\n  reason: 'network or container is not found',\n  statusCode: 404,\n  json: 'network undefined not found\\n' }","timestamp":"2016-06-13T03:04:55.045Z"}
{"level":"info","message":"[ zojeda ]: removing container :  [ '/mongodb.zojeda' ]","timestamp":"2016-06-13T03:05:27.464Z"}
{"level":"info","message":"[ zojeda ]: removing container :  [ '/cloud9.zojeda' ]","timestamp":"2016-06-13T03:05:27.467Z"}
{"level":"info","message":"[ zojeda ]: 'removing network' result -  ","timestamp":"2016-06-13T03:05:28.721Z"}
{"level":"info","message":"[ zojeda ]: workspace deleted","timestamp":"2016-06-13T03:05:28.723Z"}
{"level":"error","message":"[ zojeda ] removing network  { [Error: HTTP code is 404 which indicates error: no such network - network zojeda not found\n]\n  reason: 'no such network',\n  statusCode: 404,\n  json: 'network zojeda not found\\n' }","timestamp":"2016-06-13T03:09:08.130Z"}
{"level":"error","message":"[ zojeda ]: error deleting workspace { [Error: HTTP code is 404 which indicates error: no such network - network zojeda not found\n]\n  reason: 'no such network',\n  statusCode: 404,\n  json: 'network zojeda not found\\n' }","timestamp":"2016-06-13T03:09:08.132Z"}
{"level":"info","message":"[ zojeda ]: 'start container' result -  ","timestamp":"2016-06-13T03:09:17.965Z"}
{"level":"error","message":"[ zojeda ] connect network  { [Error: HTTP code is 404 which indicates error: network or container is not found - network undefined not found\n]\n  reason: 'network or container is not found',\n  statusCode: 404,\n  json: 'network undefined not found\\n' }","timestamp":"2016-06-13T03:09:18.228Z"}
{"level":"error","message":"[ zojeda ]: error starting workspace { [Error: HTTP code is 404 which indicates error: network or container is not found - network undefined not found\n]\n  reason: 'network or container is not found',\n  statusCode: 404,\n  json: 'network undefined not found\\n' }","timestamp":"2016-06-13T03:09:18.229Z"}
{"level":"info","message":"[ zojeda ]: 'start container' result -  ","timestamp":"2016-06-13T03:09:18.300Z"}
{"level":"error","message":"[ zojeda ] connect network  { [Error: HTTP code is 404 which indicates error: network or container is not found - network undefined not found\n]\n  reason: 'network or container is not found',\n  statusCode: 404,\n  json: 'network undefined not found\\n' }","timestamp":"2016-06-13T03:09:18.305Z"}
{"level":"info","message":"[ zojeda ]: removing container :  [ '/cloud9.zojeda' ]","timestamp":"2016-06-13T03:09:32.616Z"}
{"level":"info","message":"[ zojeda ]: removing container :  [ '/mongodb.zojeda' ]","timestamp":"2016-06-13T03:09:32.619Z"}
{"level":"info","message":"[ zojeda ]: 'removing network' result -  ","timestamp":"2016-06-13T03:09:33.940Z"}
{"level":"info","message":"[ zojeda ]: workspace deleted","timestamp":"2016-06-13T03:09:33.941Z"}
{"level":"info","message":"[ zojeda ]: 'start container' result -  ","timestamp":"2016-06-13T03:09:58.703Z"}
{"level":"error","message":"[ zojeda ] connect network  { [Error: HTTP code is 404 which indicates error: network or container is not found - network undefined not found\n]\n  reason: 'network or container is not found',\n  statusCode: 404,\n  json: 'network undefined not found\\n' }","timestamp":"2016-06-13T03:09:58.754Z"}
{"level":"error","message":"[ zojeda ]: error starting workspace { [Error: HTTP code is 404 which indicates error: network or container is not found - network undefined not found\n]\n  reason: 'network or container is not found',\n  statusCode: 404,\n  json: 'network undefined not found\\n' }","timestamp":"2016-06-13T03:09:58.756Z"}
{"level":"info","message":"[ zojeda ]: 'start container' result -  ","timestamp":"2016-06-13T03:09:58.962Z"}
{"level":"error","message":"[ zojeda ] connect network  { [Error: HTTP code is 404 which indicates error: network or container is not found - network undefined not found\n]\n  reason: 'network or container is not found',\n  statusCode: 404,\n  json: 'network undefined not found\\n' }","timestamp":"2016-06-13T03:09:58.971Z"}
{"level":"error","message":"[ zojeda ] creating network  { [Error: HTTP code is 500 which indicates error: server error - network with name zojeda already exists\n]\n  reason: 'server error',\n  statusCode: 500,\n  json: 'network with name zojeda already exists\\n' }","timestamp":"2016-06-13T03:12:19.518Z"}
{"level":"error","message":"[ zojeda ]: error starting workspace { [Error: HTTP code is 500 which indicates error: server error - network with name zojeda already exists\n]\n  reason: 'server error',\n  statusCode: 500,\n  json: 'network with name zojeda already exists\\n' }","timestamp":"2016-06-13T03:12:19.520Z"}
{"level":"info","message":"[ zojeda ]: removing container :  [ '/mongodb.zojeda' ]","timestamp":"2016-06-13T03:12:40.653Z"}
{"level":"info","message":"[ zojeda ]: removing container :  [ '/cloud9.zojeda' ]","timestamp":"2016-06-13T03:12:40.655Z"}
{"level":"info","message":"[ zojeda ]: 'removing network' result -  ","timestamp":"2016-06-13T03:12:42.064Z"}
{"level":"info","message":"[ zojeda ]: workspace deleted","timestamp":"2016-06-13T03:12:42.065Z"}
{"level":"info","message":"[ zojeda ]: 'start container' result -  ","timestamp":"2016-06-13T03:12:55.876Z"}
{"level":"error","message":"[ zojeda ] connect network  { [Error: socket hang up] code: 'ECONNRESET' }","timestamp":"2016-06-13T03:12:55.950Z"}
{"level":"error","message":"[ zojeda ]: error starting workspace { [Error: socket hang up] code: 'ECONNRESET' }","timestamp":"2016-06-13T03:12:55.952Z"}
{"level":"info","message":"[ zojeda ]: 'start container' result -  ","timestamp":"2016-06-13T03:12:56.309Z"}
{"level":"error","message":"[ zojeda ] connect network  { [Error: socket hang up] code: 'ECONNRESET' }","timestamp":"2016-06-13T03:12:56.315Z"}
{"level":"info","message":"[ zojeda ]: removing container :  [ '/cloud9.zojeda' ]","timestamp":"2016-06-13T03:30:38.198Z"}
{"level":"info","message":"[ zojeda ]: removing container :  [ '/mongodb.zojeda' ]","timestamp":"2016-06-13T03:30:38.201Z"}
{"level":"info","message":"[ zojeda ]: 'removing network' result -  ","timestamp":"2016-06-13T03:30:40.257Z"}
{"level":"info","message":"[ zojeda ]: workspace deleted","timestamp":"2016-06-13T03:30:40.259Z"}
{"level":"info","message":"[ zojeda ]: 'start container' result -  ","timestamp":"2016-06-13T03:31:53.875Z"}
{"level":"info","message":"[ zojeda ]: 'start container' result -  ","timestamp":"2016-06-13T03:31:54.443Z"}
{"level":"info","message":"[ zojeda ]: workspace started","timestamp":"2016-06-13T03:31:56.991Z"}
{"level":"info","message":"[ workspace ]: 'start container' result -  ","timestamp":"2016-06-13T03:31:58.749Z"}
{"level":"info","message":"[ zojeda ]: removing container :  [ '/cloud9.zojeda' ]","timestamp":"2016-06-13T03:37:09.890Z"}
{"level":"info","message":"[ zojeda ]: removing container :  [ '/mongodb.zojeda' ]","timestamp":"2016-06-13T03:37:09.894Z"}
{"level":"info","message":"[ zojeda ]: 'removing network' result -  ","timestamp":"2016-06-13T03:37:11.938Z"}
{"level":"info","message":"[ zojeda ]: workspace deleted","timestamp":"2016-06-13T03:37:11.939Z"}
{"level":"info","message":"[ zojeda ]: 'start container' result -  ","timestamp":"2016-06-13T03:38:31.779Z"}
{"level":"info","message":"[ zojeda ]: 'start container' result -  ","timestamp":"2016-06-13T03:38:32.148Z"}
{"level":"info","message":"[ zojeda ]: workspace started","timestamp":"2016-06-13T03:38:32.727Z"}
{"level":"info","message":"[ workspace ]: 'start container' result -  ","timestamp":"2016-06-13T03:38:33.770Z"}
{"level":"info","message":"[ otro ]: 'start container' result -  ","timestamp":"2016-06-13T03:39:39.059Z"}
{"level":"info","message":"[ otro ]: 'start container' result -  ","timestamp":"2016-06-13T03:39:39.571Z"}
{"level":"info","message":"[ otro ]: workspace started","timestamp":"2016-06-13T03:39:40.258Z"}
{"level":"info","message":"[ zojeda ]: removing container :  [ '/cloud9.zojeda' ]","timestamp":"2016-06-13T04:04:03.336Z"}
{"level":"info","message":"[ zojeda ]: removing container :  [ '/mongodb.zojeda' ]","timestamp":"2016-06-13T04:04:03.339Z"}
{"level":"info","message":"[ zojeda ]: 'removing network' result -  ","timestamp":"2016-06-13T04:04:05.363Z"}
{"level":"info","message":"[ zojeda ]: workspace deleted","timestamp":"2016-06-13T04:04:05.363Z"}
{"level":"info","message":"[ otro ]: removing container :  [ '/mongodb.otro' ]","timestamp":"2016-06-13T04:04:57.663Z"}
{"level":"info","message":"[ otro ]: removing container :  [ '/cloud9.otro' ]","timestamp":"2016-06-13T04:04:57.667Z"}
{"level":"info","message":"[ otro ]: 'removing network' result -  ","timestamp":"2016-06-13T04:04:59.259Z"}
{"level":"info","message":"[ otro ]: workspace deleted","timestamp":"2016-06-13T04:04:59.261Z"}
{"level":"info","message":"[ zojeda ]: 'start container' result -  ","timestamp":"2016-06-13T04:05:29.079Z"}
{"level":"error","message":"[ zojeda ] listing networks  { [Error: HTTP code is 500 which indicates error: server error - json: cannot unmarshal string into Go value of type map[string]bool\n]\n  reason: 'server error',\n  statusCode: 500,\n  json: 'json: cannot unmarshal string into Go value of type map[string]bool\\n' }","timestamp":"2016-06-13T04:05:29.091Z"}
{"level":"error","message":"[ zojeda ]: error starting workspace { [Error: HTTP code is 500 which indicates error: server error - json: cannot unmarshal string into Go value of type map[string]bool\n]\n  reason: 'server error',\n  statusCode: 500,\n  json: 'json: cannot unmarshal string into Go value of type map[string]bool\\n' }","timestamp":"2016-06-13T04:05:29.093Z"}
{"level":"info","message":"[ zojeda ]: 'start container' result -  ","timestamp":"2016-06-13T04:05:29.279Z"}
{"level":"error","message":"[ zojeda ] listing networks  { [Error: HTTP code is 500 which indicates error: server error - json: cannot unmarshal string into Go value of type map[string]bool\n]\n  reason: 'server error',\n  statusCode: 500,\n  json: 'json: cannot unmarshal string into Go value of type map[string]bool\\n' }","timestamp":"2016-06-13T04:05:29.283Z"}
{"level":"info","message":"[ zojeda ]: removing container :  [ '/mongodb.zojeda' ]","timestamp":"2016-06-13T04:07:54.341Z"}
{"level":"info","message":"[ zojeda ]: removing container :  [ '/cloud9.zojeda' ]","timestamp":"2016-06-13T04:07:54.346Z"}
{"level":"info","message":"[ zojeda ]: 'removing network' result -  ","timestamp":"2016-06-13T04:07:55.549Z"}
{"level":"info","message":"[ zojeda ]: workspace deleted","timestamp":"2016-06-13T04:07:55.550Z"}
{"level":"error","message":"[ zojeda ] removing network  { [Error: HTTP code is 404 which indicates error: no such network - network zojeda not found\n]\n  reason: 'no such network',\n  statusCode: 404,\n  json: 'network zojeda not found\\n' }","timestamp":"2016-06-13T04:09:38.049Z"}
{"level":"error","message":"[ zojeda ]: error deleting workspace { [Error: HTTP code is 404 which indicates error: no such network - network zojeda not found\n]\n  reason: 'no such network',\n  statusCode: 404,\n  json: 'network zojeda not found\\n' }","timestamp":"2016-06-13T04:09:38.053Z"}
{"level":"error","message":"[ workspace ] creating container  { [Error: HTTP code is 404 which indicates error: no such container - network workspace.network not found\n]\n  reason: 'no such container',\n  statusCode: 404,\n  json: 'network workspace.network not found\\n' }","timestamp":"2016-06-13T04:09:38.151Z"}
{"level":"error","message":"[ zojeda ] removing network  { [Error: HTTP code is 404 which indicates error: no such network - network zojeda not found\n]\n  reason: 'no such network',\n  statusCode: 404,\n  json: 'network zojeda not found\\n' }","timestamp":"2016-06-13T04:14:18.501Z"}
{"level":"error","message":"[ zojeda ]: error deleting workspace { [Error: HTTP code is 404 which indicates error: no such network - network zojeda not found\n]\n  reason: 'no such network',\n  statusCode: 404,\n  json: 'network zojeda not found\\n' }","timestamp":"2016-06-13T04:14:18.505Z"}
{"level":"error","message":"[ workspace ] creating container  { [Error: HTTP code is 404 which indicates error: no such container - network workspace.network not found\n]\n  reason: 'no such container',\n  statusCode: 404,\n  json: 'network workspace.network not found\\n' }","timestamp":"2016-06-13T04:14:31.235Z"}
{"level":"error","message":"[ workspace ] creating container  { [Error: HTTP code is 404 which indicates error: no such container - network workspace.network not found\n]\n  reason: 'no such container',\n  statusCode: 404,\n  json: 'network workspace.network not found\\n' }","timestamp":"2016-06-13T04:16:51.316Z"}
{"level":"error","message":"[ workspace ] creating container  { [Error: HTTP code is 404 which indicates error: no such container - network workspace.proxy not found\n]\n  reason: 'no such container',\n  statusCode: 404,\n  json: 'network workspace.proxy not found\\n' }","timestamp":"2016-06-13T04:17:34.015Z"}
{"level":"info","message":"[ workspace ]: 'start container' result -  ","timestamp":"2016-06-13T04:18:33.248Z"}
{"level":"info","message":"[ zojeda ]: 'start container' result -  ","timestamp":"2016-06-13T04:18:34.416Z"}
{"level":"error","message":"[ zojeda ] listing networks  { [Error: HTTP code is 500 which indicates error: server error - json: cannot unmarshal array into Go value of type map[string]map[string]bool\n]\n  reason: 'server error',\n  statusCode: 500,\n  json: 'json: cannot unmarshal array into Go value of type map[string]map[string]bool\\n' }","timestamp":"2016-06-13T04:18:34.422Z"}
{"level":"error","message":"[ zojeda ]: error starting workspace { [Error: HTTP code is 500 which indicates error: server error - json: cannot unmarshal array into Go value of type map[string]map[string]bool\n]\n  reason: 'server error',\n  statusCode: 500,\n  json: 'json: cannot unmarshal array into Go value of type map[string]map[string]bool\\n' }","timestamp":"2016-06-13T04:18:34.424Z"}
{"level":"info","message":"[ zojeda ]: 'start container' result -  ","timestamp":"2016-06-13T04:18:34.941Z"}
{"level":"error","message":"[ zojeda ] listing networks  { [Error: HTTP code is 500 which indicates error: server error - json: cannot unmarshal array into Go value of type map[string]map[string]bool\n]\n  reason: 'server error',\n  statusCode: 500,\n  json: 'json: cannot unmarshal array into Go value of type map[string]map[string]bool\\n' }","timestamp":"2016-06-13T04:18:34.945Z"}
{"level":"info","message":"[ zojeda ]: removing container :  [ '/mongodb.zojeda' ]","timestamp":"2016-06-13T04:29:11.769Z"}
{"level":"info","message":"[ zojeda ]: removing container :  [ '/cloud9.zojeda' ]","timestamp":"2016-06-13T04:29:11.773Z"}
{"level":"info","message":"[ zojeda ]: 'removing network' result -  ","timestamp":"2016-06-13T04:29:13.334Z"}
{"level":"info","message":"[ zojeda ]: workspace deleted","timestamp":"2016-06-13T04:29:13.335Z"}
{"level":"error","message":"[ workspace ] listing networks  { [Error: HTTP code is 500 which indicates error: server error - json: cannot unmarshal array into Go value of type map[string]map[string]bool\n]\n  reason: 'server error',\n  statusCode: 500,\n  json: 'json: cannot unmarshal array into Go value of type map[string]map[string]bool\\n' }","timestamp":"2016-06-13T04:29:47.796Z"}
{"level":"info","message":"[ workspace ]: 'start container' result -  ","timestamp":"2016-06-13T04:38:43.894Z"}
{"level":"info","message":"[ zojeda ]: 'start container' result -  ","timestamp":"2016-06-13T04:38:46.537Z"}
{"level":"error","message":"[ zojeda ] listing networks  { [Error: HTTP code is 500 which indicates error: server error - json: cannot unmarshal array into Go value of type map[string]map[string]bool\n]\n  reason: 'server error',\n  statusCode: 500,\n  json: 'json: cannot unmarshal array into Go value of type map[string]map[string]bool\\n' }","timestamp":"2016-06-13T04:38:46.542Z"}
{"level":"error","message":"[ zojeda ]: error starting workspace { [Error: HTTP code is 500 which indicates error: server error - json: cannot unmarshal array into Go value of type map[string]map[string]bool\n]\n  reason: 'server error',\n  statusCode: 500,\n  json: 'json: cannot unmarshal array into Go value of type map[string]map[string]bool\\n' }","timestamp":"2016-06-13T04:38:46.543Z"}
{"level":"info","message":"[ zojeda ]: 'start container' result -  ","timestamp":"2016-06-13T04:38:47.478Z"}
{"level":"error","message":"[ zojeda ] listing networks  { [Error: HTTP code is 500 which indicates error: server error - json: cannot unmarshal array into Go value of type map[string]map[string]bool\n]\n  reason: 'server error',\n  statusCode: 500,\n  json: 'json: cannot unmarshal array into Go value of type map[string]map[string]bool\\n' }","timestamp":"2016-06-13T04:38:47.483Z"}
{"level":"info","message":"[ zojeda ]: removing container :  [ '/cloud9.zojeda' ]","timestamp":"2016-06-13T04:40:18.711Z"}
{"level":"info","message":"[ zojeda ]: removing container :  [ '/mongodb.zojeda' ]","timestamp":"2016-06-13T04:40:18.715Z"}
{"level":"info","message":"[ zojeda ]: 'removing network' result -  ","timestamp":"2016-06-13T04:40:19.966Z"}
{"level":"info","message":"[ zojeda ]: workspace deleted","timestamp":"2016-06-13T04:40:19.967Z"}
{"level":"info","message":"[ workspace ]: 'start container' result -  ","timestamp":"2016-06-13T04:40:59.851Z"}
{"level":"info","message":"[ zojeda ]: 'start container' result -  ","timestamp":"2016-06-13T04:41:01.414Z"}
{"level":"info","message":"[ zojeda ]: 'start container' result -  ","timestamp":"2016-06-13T04:41:01.560Z"}
{"level":"error","message":"[ zojeda ] connect network  { [Error: HTTP code is 500 which indicates error: server error - service endpoint with name workspace.proxy already exists\n]\n  reason: 'server error',\n  statusCode: 500,\n  json: 'service endpoint with name workspace.proxy already exists\\n' }","timestamp":"2016-06-13T04:41:01.762Z"}
{"level":"error","message":"[ zojeda ]: error starting workspace { [Error: HTTP code is 500 which indicates error: server error - service endpoint with name workspace.proxy already exists\n]\n  reason: 'server error',\n  statusCode: 500,\n  json: 'service endpoint with name workspace.proxy already exists\\n' }","timestamp":"2016-06-13T04:41:01.763Z"}
{"level":"info","message":"[ zojeda ]: removing container :  [ '/mongodb.zojeda' ]","timestamp":"2016-06-13T05:05:53.668Z"}
{"level":"info","message":"[ zojeda ]: removing container :  [ '/cloud9.zojeda' ]","timestamp":"2016-06-13T05:05:53.672Z"}
{"level":"error","message":"[ zojeda ] removing network  { [Error: HTTP code is 500 which indicates error: server error - network zojeda has active endpoints\n]\n  reason: 'server error',\n  statusCode: 500,\n  json: 'network zojeda has active endpoints\\n' }","timestamp":"2016-06-13T05:05:54.764Z"}
{"level":"error","message":"[ zojeda ]: error deleting workspace { [Error: HTTP code is 500 which indicates error: server error - network zojeda has active endpoints\n]\n  reason: 'server error',\n  statusCode: 500,\n  json: 'network zojeda has active endpoints\\n' }","timestamp":"2016-06-13T05:05:54.766Z"}
{"level":"error","message":"[ zojeda ] removing network  { [Error: HTTP code is 404 which indicates error: no such network - network zojeda not found\n]\n  reason: 'no such network',\n  statusCode: 404,\n  json: 'network zojeda not found\\n' }","timestamp":"2016-06-13T05:08:09.128Z"}
{"level":"error","message":"[ zojeda ]: error deleting workspace { [Error: HTTP code is 404 which indicates error: no such network - network zojeda not found\n]\n  reason: 'no such network',\n  statusCode: 404,\n  json: 'network zojeda not found\\n' }","timestamp":"2016-06-13T05:08:09.131Z"}
{"level":"info","message":"[ workspace ]: 'start container' result -  ","timestamp":"2016-06-13T05:08:16.295Z"}
{"level":"info","message":"[ zojeda ]: 'start container' result -  ","timestamp":"2016-06-13T05:08:17.774Z"}
{"level":"info","message":"[ zojeda ]: 'start container' result -  ","timestamp":"2016-06-13T05:08:17.969Z"}
{"level":"info","message":"[ zojeda ]: workspace started","timestamp":"2016-06-13T05:08:21.446Z"}
{"level":"info","message":"[ otro ]: 'start container' result -  ","timestamp":"2016-06-13T05:26:30.886Z"}
{"level":"info","message":"[ otro ]: 'start container' result -  ","timestamp":"2016-06-13T05:26:32.040Z"}
{"level":"info","message":"[ otro ]: workspace started","timestamp":"2016-06-13T05:26:34.039Z"}
